Tue May 20 2025 12:54:15 GMT+0530 (India Standard Time) [NORAAI] info: noraai Server Started on port 1078
Tue May 20 2025 12:54:26 GMT+0530 (India Standard Time) [NORAAI] info: noraai Server Started on port 1078
Tue May 20 2025 13:49:12 GMT+0530 (India Standard Time) [NORAAI] info: ✅ MongoDB connected successfully
Tue May 20 2025 13:49:12 GMT+0530 (India Standard Time) [NORAAI] info: noraai Server Started on port 1078
Tue May 20 2025 13:51:24 GMT+0530 (India Standard Time) [NORAAI] info: ✅ MongoDB connected successfully
Tue May 20 2025 13:51:24 GMT+0530 (India Standard Time) [NORAAI] info: noraai Server Started on port 1078
Tue May 20 2025 13:54:05 GMT+0530 (India Standard Time) [NORAAI] info: ✅ MongoDB connected successfully
Tue May 20 2025 13:54:10 GMT+0530 (India Standard Time) [NORAAI] info: noraai Server Started on port 1078
Tue May 20 2025 13:54:58 GMT+0530 (India Standard Time) [NORAAI] info: ✅ MongoDB connected successfully
Tue May 20 2025 13:54:58 GMT+0530 (India Standard Time) [NORAAI] info: noraai Server Started on port 1078
Tue May 20 2025 13:55:29 GMT+0530 (India Standard Time) [NORAAI] info: ✅ MongoDB connected successfully
Tue May 20 2025 13:55:31 GMT+0530 (India Standard Time) [NORAAI] info: noraai Server Started on port 1078
Tue May 20 2025 14:00:21 GMT+0530 (India Standard Time) [NORAAI] info: ✅ MongoDB connected successfully
Tue May 20 2025 14:02:14 GMT+0530 (India Standard Time) [NORAAI] info: ✅ MongoDB connected successfully
Tue May 20 2025 14:02:21 GMT+0530 (India Standard Time) [NORAAI] info: noraai Server Started on port 1078
Tue May 20 2025 14:02:41 GMT+0530 (India Standard Time) [NORAAI] info: LogTrack: {"servicename":"noraai","logtype":"response","logdate":"2025-05-20T08:32:41.813Z","logdetails":{"output":""}}
Tue May 20 2025 14:03:05 GMT+0530 (India Standard Time) [NORAAI] info: ✅ MongoDB connected successfully
Tue May 20 2025 14:03:05 GMT+0530 (India Standard Time) [NORAAI] info: noraai Server Started on port 1078
Tue May 20 2025 14:03:08 GMT+0530 (India Standard Time) [NORAAI] info: LogTrack: {"servicename":"noraai","logtype":"response","logdate":"2025-05-20T08:33:08.017Z","logdetails":{"output":""}}
Tue May 20 2025 14:03:13 GMT+0530 (India Standard Time) [NORAAI] info: LogTrack: {"servicename":"noraai","logtype":"response","logdate":"2025-05-20T08:33:13.900Z","logdetails":{"output":""}}
Tue May 20 2025 14:03:18 GMT+0530 (India Standard Time) [NORAAI] info: LogTrack: {"servicename":"noraai","logtype":"request","logdate":"2025-05-20T08:33:18.879Z","logdetails":{"headers":"{\"x-api-key\":\"DurE1fWZaUc8Ni2mlhLpCnQVHv7zbRjkLm12asdsa123dgp__bell\",\"content-type\":\"application/json\",\"user-agent\":\"PostmanRuntime/7.43.4\",\"accept\":\"*/*\",\"postman-token\":\"aab73084-d5a0-42b3-b2fe-4859556602f7\",\"host\":\"localhost:1078\",\"accept-encoding\":\"gzip, deflate, br\",\"connection\":\"keep-alive\",\"content-length\":\"342\"}","body":"{\"optionData\":{\"email_to\":[\"azam@catalystxl.com\"]},\"customValues\":{\"subject\":\"Order Received – Thank You for Your Request!\",\"customer_name\":\"Azam\",\"order_status\":\"Updated\",\"order_number\":\"131412412\"},\"trigger_metadata\":{\"user_id\":\"azam-test-123\"}}","param":"{}","query":"{}"}}
Tue May 20 2025 15:28:58 GMT+0530 (India Standard Time) [NORAAI] info: ✅ MongoDB connected successfully
Tue May 20 2025 15:29:02 GMT+0530 (India Standard Time) [NORAAI] info: noraai Server Started on port 1078
Tue May 20 2025 15:30:06 GMT+0530 (India Standard Time) [NORAAI] info: LogTrack: {"servicename":"noraai","logtype":"response","logdate":"2025-05-20T10:00:06.068Z","logdetails":{"output":""}}
Tue May 20 2025 15:30:12 GMT+0530 (India Standard Time) [NORAAI] info: LogTrack: {"servicename":"noraai","logtype":"response","logdate":"2025-05-20T10:00:12.278Z","logdetails":{"output":""}}
Tue May 20 2025 15:30:30 GMT+0530 (India Standard Time) [NORAAI] info: LogTrack: {"servicename":"noraai","logtype":"response","logdate":"2025-05-20T10:00:30.635Z","logdetails":{"output":""}}
Tue May 20 2025 15:30:51 GMT+0530 (India Standard Time) [NORAAI] info: LogTrack: {"servicename":"noraai","logtype":"request","logdate":"2025-05-20T10:00:51.237Z","logdetails":{"headers":"{\"content-type\":\"application/json\",\"user-agent\":\"PostmanRuntime/7.43.4\",\"accept\":\"*/*\",\"postman-token\":\"6395ad60-a664-453a-96d7-e27f5295e321\",\"host\":\"localhost:1078\",\"accept-encoding\":\"gzip, deflate, br\",\"connection\":\"keep-alive\",\"content-length\":\"50\"}","body":"{\"name\":\"azam\",\"emailDomain\":\"noraai\"}","param":"{}","query":"{}"}}
Tue May 20 2025 15:32:04 GMT+0530 (India Standard Time) [NORAAI] info: ✅ MongoDB connected successfully
Tue May 20 2025 15:32:04 GMT+0530 (India Standard Time) [NORAAI] info: noraai Server Started on port 1078
Tue May 20 2025 15:32:20 GMT+0530 (India Standard Time) [NORAAI] info: ✅ MongoDB connected successfully
Tue May 20 2025 15:32:20 GMT+0530 (India Standard Time) [NORAAI] info: noraai Server Started on port 1078
Tue May 20 2025 15:32:22 GMT+0530 (India Standard Time) [NORAAI] info: LogTrack: {"servicename":"noraai","logtype":"request","logdate":"2025-05-20T10:02:22.323Z","logdetails":{"headers":"{\"content-type\":\"application/json\",\"user-agent\":\"PostmanRuntime/7.43.4\",\"accept\":\"*/*\",\"postman-token\":\"3f0b1560-b8c1-4878-a100-4f9742db9ed4\",\"host\":\"localhost:1078\",\"accept-encoding\":\"gzip, deflate, br\",\"connection\":\"keep-alive\",\"content-length\":\"50\"}","body":"{\"name\":\"azam\",\"emailDomain\":\"noraai\"}","param":"{}","query":"{}"}}
Tue May 20 2025 18:22:00 GMT+0530 (India Standard Time) [NORAAI] info: ✅ MongoDB connected successfully
Tue May 20 2025 18:22:01 GMT+0530 (India Standard Time) [NORAAI] info: noraai Server Started on port 1078
Tue May 20 2025 18:26:34 GMT+0530 (India Standard Time) [NORAAI] info: ✅ MongoDB connected successfully
Tue May 20 2025 18:26:35 GMT+0530 (India Standard Time) [NORAAI] info: noraai Server Started on port 1078
Tue May 20 2025 18:30:38 GMT+0530 (India Standard Time) [NORAAI] info: LogTrack: {"servicename":"noraai","logtype":"response","logdate":"2025-05-20T13:00:38.851Z","logdetails":{"output":""}}
Tue May 20 2025 18:30:54 GMT+0530 (India Standard Time) [NORAAI] info: LogTrack: {"servicename":"noraai","logtype":"request","logdate":"2025-05-20T13:00:54.904Z","logdetails":{"headers":"{\"x-api-key\":\"DurE1fWZaUc8Ni2mlhLpCnQVHv7zbRjkLm12asdsa123dgp__bell\",\"content-type\":\"application/json\",\"user-agent\":\"PostmanRuntime/7.43.4\",\"accept\":\"*/*\",\"postman-token\":\"6918d7c6-3b22-40aa-badf-028323cc030b\",\"host\":\"localhost:1078\",\"accept-encoding\":\"gzip, deflate, br\",\"connection\":\"keep-alive\",\"content-length\":\"342\"}","body":"{\"optionData\":{\"email_to\":[\"azam@catalystxl.com\"]},\"customValues\":{\"subject\":\"Order Received – Thank You for Your Request!\",\"customer_name\":\"Azam\",\"order_status\":\"Updated\",\"order_number\":\"131412412\"},\"trigger_metadata\":{\"user_id\":\"azam-test-123\"}}","param":"{}","query":"{}"}}
Tue May 20 2025 18:31:22 GMT+0530 (India Standard Time) [NORAAI] info: LogTrack: {"servicename":"noraai","logtype":"response","logdate":"2025-05-20T13:01:22.383Z","logdetails":{"output":""}}
Tue May 20 2025 18:31:23 GMT+0530 (India Standard Time) [NORAAI] info: LogTrack: {"servicename":"noraai","logtype":"response","logdate":"2025-05-20T13:01:23.844Z","logdetails":{"output":""}}
Tue May 20 2025 18:31:43 GMT+0530 (India Standard Time) [NORAAI] info: ✅ MongoDB connected successfully
Tue May 20 2025 18:31:43 GMT+0530 (India Standard Time) [NORAAI] info: noraai Server Started on port 1078
Tue May 20 2025 18:31:46 GMT+0530 (India Standard Time) [NORAAI] info: LogTrack: {"servicename":"noraai","logtype":"response","logdate":"2025-05-20T13:01:46.376Z","logdetails":{"output":""}}
Tue May 20 2025 18:32:12 GMT+0530 (India Standard Time) [NORAAI] info: LogTrack: {"servicename":"noraai","logtype":"response","logdate":"2025-05-20T13:02:12.523Z","logdetails":{"output":""}}
Tue May 20 2025 18:32:15 GMT+0530 (India Standard Time) [NORAAI] info: ✅ MongoDB connected successfully
Tue May 20 2025 18:32:34 GMT+0530 (India Standard Time) [NORAAI] info: noraai Server Started on port 1078
Tue May 20 2025 18:33:11 GMT+0530 (India Standard Time) [NORAAI] info: ✅ MongoDB connected successfully
Tue May 20 2025 18:34:08 GMT+0530 (India Standard Time) [NORAAI] info: noraai Server Started on port 1078
Tue May 20 2025 18:34:17 GMT+0530 (India Standard Time) [NORAAI] info: ✅ MongoDB connected successfully
Tue May 20 2025 18:35:12 GMT+0530 (India Standard Time) [NORAAI] info: ✅ MongoDB connected successfully
Tue May 20 2025 18:37:14 GMT+0530 (India Standard Time) [NORAAI] info: noraai Server Started on port 1078
Tue May 20 2025 18:37:17 GMT+0530 (India Standard Time) [NORAAI] info: LogTrack: {"servicename":"noraai","logtype":"request","logdate":"2025-05-20T13:07:17.053Z","logdetails":{"headers":"{\"user-agent\":\"PostmanRuntime/7.43.4\",\"accept\":\"*/*\",\"postman-token\":\"dc32afb8-96b0-4f6b-b35a-4cd8c689956c\",\"host\":\"localhost:1078\",\"accept-encoding\":\"gzip, deflate, br\",\"connection\":\"keep-alive\",\"content-type\":\"multipart/form-data; boundary=--------------------------502094827161342447318832\",\"content-length\":\"151560\"}","body":"{}","param":"{}","query":"{}"}}
Tue May 20 2025 18:38:23 GMT+0530 (India Standard Time) [NORAAI] error: Error in createMember: "userId" is required
Tue May 20 2025 18:38:27 GMT+0530 (India Standard Time) [NORAAI] info: LogTrack: {"servicename":"noraai","logtype":"request","logdate":"2025-05-20T13:08:27.529Z","logdetails":{"headers":"{\"user-agent\":\"PostmanRuntime/7.43.4\",\"accept\":\"*/*\",\"postman-token\":\"2f628210-6b76-4a90-9ef8-3e904ec2dcf4\",\"host\":\"localhost:1078\",\"accept-encoding\":\"gzip, deflate, br\",\"connection\":\"keep-alive\",\"content-type\":\"multipart/form-data; boundary=--------------------------190501331726792350567255\",\"content-length\":\"151560\"}","body":"{}","param":"{}","query":"{}"}}
Tue May 20 2025 18:40:56 GMT+0530 (India Standard Time) [NORAAI] info: ✅ MongoDB connected successfully
Tue May 20 2025 18:41:05 GMT+0530 (India Standard Time) [NORAAI] info: noraai Server Started on port 1078
Tue May 20 2025 18:41:07 GMT+0530 (India Standard Time) [NORAAI] info: LogTrack: {"servicename":"noraai","logtype":"request","logdate":"2025-05-20T13:11:07.412Z","logdetails":{"headers":"{\"content-type\":\"application/json\",\"user-agent\":\"PostmanRuntime/7.43.4\",\"accept\":\"*/*\",\"postman-token\":\"fc78427e-bfc3-4aa4-b4c1-f360388e7cac\",\"host\":\"localhost:1078\",\"accept-encoding\":\"gzip, deflate, br\",\"connection\":\"keep-alive\",\"content-length\":\"8\"}","body":"{}","param":"{}","query":"{}"}}
Tue May 20 2025 18:41:33 GMT+0530 (India Standard Time) [NORAAI] info: ✅ MongoDB connected successfully
Tue May 20 2025 18:44:22 GMT+0530 (India Standard Time) [NORAAI] info: noraai Server Started on port 1078
Tue May 20 2025 18:44:33 GMT+0530 (India Standard Time) [NORAAI] info: ✅ MongoDB connected successfully
Tue May 20 2025 18:45:46 GMT+0530 (India Standard Time) [NORAAI] info: noraai Server Started on port 1078
Tue May 20 2025 18:46:10 GMT+0530 (India Standard Time) [NORAAI] info: LogTrack: {"servicename":"noraai","logtype":"request","logdate":"2025-05-20T13:16:10.819Z","logdetails":{"headers":"{\"content-type\":\"application/json\",\"user-agent\":\"PostmanRuntime/7.43.4\",\"accept\":\"*/*\",\"postman-token\":\"ecbdb929-762a-443f-b5d7-d9c65bd75c99\",\"host\":\"localhost:1078\",\"accept-encoding\":\"gzip, deflate, br\",\"connection\":\"keep-alive\",\"content-length\":\"8\"}","body":"{}","param":"{}","query":"{}"}}
Tue May 20 2025 18:46:31 GMT+0530 (India Standard Time) [NORAAI] error: Error in createMember: "userId" is required
Tue May 20 2025 18:46:35 GMT+0530 (India Standard Time) [NORAAI] info: LogTrack: {"servicename":"noraai","logtype":"request","logdate":"2025-05-20T13:16:35.021Z","logdetails":{"headers":"{\"content-type\":\"application/json\",\"user-agent\":\"PostmanRuntime/7.43.4\",\"accept\":\"*/*\",\"postman-token\":\"74f174dc-21d8-414d-b433-2f5eea7fbe7c\",\"host\":\"localhost:1078\",\"accept-encoding\":\"gzip, deflate, br\",\"connection\":\"keep-alive\",\"content-length\":\"8\"}","body":"{}","param":"{}","query":"{}"}}
Tue May 20 2025 18:47:55 GMT+0530 (India Standard Time) [NORAAI] info: ✅ MongoDB connected successfully
Tue May 20 2025 18:48:22 GMT+0530 (India Standard Time) [NORAAI] info: noraai Server Started on port 1078
Tue May 20 2025 18:48:39 GMT+0530 (India Standard Time) [NORAAI] info: LogTrack: {"servicename":"noraai","logtype":"request","logdate":"2025-05-20T13:18:39.408Z","logdetails":{"headers":"{\"user-agent\":\"PostmanRuntime/7.43.4\",\"accept\":\"*/*\",\"postman-token\":\"3d9f2edf-729b-4662-8456-1ce5a5976671\",\"host\":\"localhost:1078\",\"accept-encoding\":\"gzip, deflate, br\",\"connection\":\"keep-alive\",\"content-type\":\"multipart/form-data; boundary=--------------------------960967414741978362140179\",\"content-length\":\"151560\"}","body":"{}","param":"{}","query":"{}"}}
Tue May 20 2025 18:55:11 GMT+0530 (India Standard Time) [NORAAI] info: ✅ MongoDB connected successfully
Tue May 20 2025 18:55:20 GMT+0530 (India Standard Time) [NORAAI] info: noraai Server Started on port 1078
Tue May 20 2025 18:55:24 GMT+0530 (India Standard Time) [NORAAI] info: LogTrack: {"servicename":"noraai","logtype":"request","logdate":"2025-05-20T13:25:24.416Z","logdetails":{"headers":"{\"user-agent\":\"PostmanRuntime/7.43.4\",\"accept\":\"*/*\",\"postman-token\":\"b5df242c-e53c-497a-a1f2-d613be05cdcc\",\"host\":\"localhost:1078\",\"accept-encoding\":\"gzip, deflate, br\",\"connection\":\"keep-alive\",\"content-type\":\"multipart/form-data; boundary=--------------------------840863218390769099734708\",\"content-length\":\"151560\"}","body":"{}","param":"{}","query":"{}"}}
Tue May 20 2025 18:58:30 GMT+0530 (India Standard Time) [NORAAI] info: ✅ MongoDB connected successfully
Tue May 20 2025 18:58:36 GMT+0530 (India Standard Time) [NORAAI] info: noraai Server Started on port 1078
Tue May 20 2025 18:58:56 GMT+0530 (India Standard Time) [NORAAI] info: LogTrack: {"servicename":"noraai","logtype":"request","logdate":"2025-05-20T13:28:56.513Z","logdetails":{"headers":"{\"user-agent\":\"PostmanRuntime/7.43.4\",\"accept\":\"*/*\",\"postman-token\":\"53b5a4c2-b10e-4a78-8ee7-e6b88f916ef4\",\"host\":\"localhost:1078\",\"accept-encoding\":\"gzip, deflate, br\",\"connection\":\"keep-alive\",\"content-type\":\"multipart/form-data; boundary=--------------------------714516266694418079508253\",\"content-length\":\"151560\"}","body":"{\"userId\":\"682c7bb8c7e2c151cedcad36\",\"type\":\"resume\"}","param":"{}","query":"{}"}}
Tue May 20 2025 18:59:46 GMT+0530 (India Standard Time) [NORAAI] error: Error in createMember: The "path" argument must be of type string or an instance of Buffer or URL. Received undefined
Tue May 20 2025 19:00:29 GMT+0530 (India Standard Time) [NORAAI] info: LogTrack: {"servicename":"noraai","logtype":"request","logdate":"2025-05-20T13:30:29.377Z","logdetails":{"headers":"{\"user-agent\":\"PostmanRuntime/7.43.4\",\"accept\":\"*/*\",\"postman-token\":\"ea28d1ac-7135-4a14-a4b8-b2fd78eff957\",\"host\":\"localhost:1078\",\"accept-encoding\":\"gzip, deflate, br\",\"connection\":\"keep-alive\",\"content-type\":\"multipart/form-data; boundary=--------------------------770577791526425470922309\",\"content-length\":\"151560\"}","body":"{\"userId\":\"682c7bb8c7e2c151cedcad36\",\"type\":\"resume\"}","param":"{}","query":"{}"}}
Tue May 20 2025 19:00:34 GMT+0530 (India Standard Time) [NORAAI] error: Error in createMember: The "path" argument must be of type string or an instance of Buffer or URL. Received undefined
Tue May 20 2025 19:00:38 GMT+0530 (India Standard Time) [NORAAI] info: LogTrack: {"servicename":"noraai","logtype":"request","logdate":"2025-05-20T13:30:38.892Z","logdetails":{"headers":"{\"user-agent\":\"PostmanRuntime/7.43.4\",\"accept\":\"*/*\",\"postman-token\":\"d155c912-0e49-4a60-91be-bf47cdf368ac\",\"host\":\"localhost:1078\",\"accept-encoding\":\"gzip, deflate, br\",\"connection\":\"keep-alive\",\"content-type\":\"multipart/form-data; boundary=--------------------------598317643336525116931480\",\"content-length\":\"151560\"}","body":"{\"userId\":\"682c7bb8c7e2c151cedcad36\",\"type\":\"resume\"}","param":"{}","query":"{}"}}
Tue May 20 2025 19:02:12 GMT+0530 (India Standard Time) [NORAAI] info: ✅ MongoDB connected successfully
Tue May 20 2025 19:02:23 GMT+0530 (India Standard Time) [NORAAI] info: noraai Server Started on port 1078
Tue May 20 2025 19:02:28 GMT+0530 (India Standard Time) [NORAAI] info: LogTrack: {"servicename":"noraai","logtype":"request","logdate":"2025-05-20T13:32:28.175Z","logdetails":{"headers":"{\"user-agent\":\"PostmanRuntime/7.43.4\",\"accept\":\"*/*\",\"postman-token\":\"b8512f16-697c-47c2-a8b1-a69792851855\",\"host\":\"localhost:1078\",\"accept-encoding\":\"gzip, deflate, br\",\"connection\":\"keep-alive\",\"content-type\":\"multipart/form-data; boundary=--------------------------490062743993708571015991\",\"content-length\":\"151560\"}","body":"{\"userId\":\"682c7bb8c7e2c151cedcad36\",\"type\":\"resume\"}","param":"{}","query":"{}"}}
Tue May 20 2025 19:02:36 GMT+0530 (India Standard Time) [NORAAI] error: Error in createMember: req is not defined
Tue May 20 2025 19:02:45 GMT+0530 (India Standard Time) [NORAAI] info: LogTrack: {"servicename":"noraai","logtype":"request","logdate":"2025-05-20T13:32:45.005Z","logdetails":{"headers":"{\"user-agent\":\"PostmanRuntime/7.43.4\",\"accept\":\"*/*\",\"postman-token\":\"b55dcc06-4102-42df-a868-771cede06f7a\",\"host\":\"localhost:1078\",\"accept-encoding\":\"gzip, deflate, br\",\"connection\":\"keep-alive\",\"content-type\":\"multipart/form-data; boundary=--------------------------840730320592095107911103\",\"content-length\":\"151560\"}","body":"{\"userId\":\"682c7bb8c7e2c151cedcad36\",\"type\":\"resume\"}","param":"{}","query":"{}"}}
Tue May 20 2025 19:03:23 GMT+0530 (India Standard Time) [NORAAI] info: ✅ MongoDB connected successfully
Tue May 20 2025 19:03:29 GMT+0530 (India Standard Time) [NORAAI] info: noraai Server Started on port 1078
Tue May 20 2025 19:03:33 GMT+0530 (India Standard Time) [NORAAI] info: LogTrack: {"servicename":"noraai","logtype":"request","logdate":"2025-05-20T13:33:33.497Z","logdetails":{"headers":"{\"user-agent\":\"PostmanRuntime/7.43.4\",\"accept\":\"*/*\",\"postman-token\":\"25379fb6-2774-4cec-afce-005b8b764b5e\",\"host\":\"localhost:1078\",\"accept-encoding\":\"gzip, deflate, br\",\"connection\":\"keep-alive\",\"content-type\":\"multipart/form-data; boundary=--------------------------456261766013928101250928\",\"content-length\":\"151560\"}","body":"{\"userId\":\"682c7bb8c7e2c151cedcad36\",\"type\":\"resume\"}","param":"{}","query":"{}"}}
Tue May 20 2025 19:03:36 GMT+0530 (India Standard Time) [NORAAI] error: Error in createMember: Document must be a valid JavaScript object
Tue May 20 2025 19:03:52 GMT+0530 (India Standard Time) [NORAAI] info: LogTrack: {"servicename":"noraai","logtype":"request","logdate":"2025-05-20T13:33:52.376Z","logdetails":{"headers":"{\"user-agent\":\"PostmanRuntime/7.43.4\",\"accept\":\"*/*\",\"postman-token\":\"8dbb81e4-abac-45ef-98bf-1974657c769b\",\"host\":\"localhost:1078\",\"accept-encoding\":\"gzip, deflate, br\",\"connection\":\"keep-alive\",\"content-type\":\"multipart/form-data; boundary=--------------------------270360014840443859449241\",\"content-length\":\"151560\"}","body":"{\"userId\":\"682c7bb8c7e2c151cedcad36\",\"type\":\"resume\"}","param":"{}","query":"{}"}}
Tue May 20 2025 19:05:41 GMT+0530 (India Standard Time) [NORAAI] error: Error in createMember: Document must be a valid JavaScript object
Tue May 20 2025 19:28:42 GMT+0530 (India Standard Time) [NORAAI] info: ✅ MongoDB connected successfully
Tue May 20 2025 19:28:43 GMT+0530 (India Standard Time) [NORAAI] info: noraai Server Started on port 1078
Tue May 20 2025 19:28:58 GMT+0530 (India Standard Time) [NORAAI] info: LogTrack: {"servicename":"noraai","logtype":"request","logdate":"2025-05-20T13:58:58.483Z","logdetails":{"headers":"{\"user-agent\":\"PostmanRuntime/7.43.4\",\"accept\":\"*/*\",\"postman-token\":\"33af25df-1c6d-49bf-80ae-f4034bc6c041\",\"host\":\"localhost:1078\",\"accept-encoding\":\"gzip, deflate, br\",\"connection\":\"keep-alive\",\"content-type\":\"multipart/form-data; boundary=--------------------------711087946495307349414653\",\"content-length\":\"151560\"}","body":"{\"userId\":\"682c7bb8c7e2c151cedcad36\",\"type\":\"resume\"}","param":"{}","query":"{}"}}
Tue May 20 2025 19:29:25 GMT+0530 (India Standard Time) [NORAAI] error: Error in createMember: Document must be a valid JavaScript object
Tue May 20 2025 19:29:31 GMT+0530 (India Standard Time) [NORAAI] info: LogTrack: {"servicename":"noraai","logtype":"request","logdate":"2025-05-20T13:59:31.277Z","logdetails":{"headers":"{\"user-agent\":\"PostmanRuntime/7.43.4\",\"accept\":\"*/*\",\"postman-token\":\"3853bf66-bad7-4a4a-84c2-e6b6a9fc06e8\",\"host\":\"localhost:1078\",\"accept-encoding\":\"gzip, deflate, br\",\"connection\":\"keep-alive\",\"content-type\":\"multipart/form-data; boundary=--------------------------372734006032790466173596\",\"content-length\":\"151560\"}","body":"{\"userId\":\"682c7bb8c7e2c151cedcad36\",\"type\":\"resume\"}","param":"{}","query":"{}"}}
Tue May 20 2025 19:30:04 GMT+0530 (India Standard Time) [NORAAI] info: ✅ MongoDB connected successfully
Tue May 20 2025 19:30:04 GMT+0530 (India Standard Time) [NORAAI] info: noraai Server Started on port 1078
Tue May 20 2025 19:30:10 GMT+0530 (India Standard Time) [NORAAI] info: LogTrack: {"servicename":"noraai","logtype":"request","logdate":"2025-05-20T14:00:10.515Z","logdetails":{"headers":"{\"user-agent\":\"PostmanRuntime/7.43.4\",\"accept\":\"*/*\",\"postman-token\":\"6765d7ae-b350-421b-9546-3efab3448387\",\"host\":\"localhost:1078\",\"accept-encoding\":\"gzip, deflate, br\",\"connection\":\"keep-alive\",\"content-type\":\"multipart/form-data; boundary=--------------------------682002601117264943033968\",\"content-length\":\"151560\"}","body":"{\"userId\":\"682c7bb8c7e2c151cedcad36\",\"type\":\"resume\"}","param":"{}","query":"{}"}}
Tue May 20 2025 19:30:35 GMT+0530 (India Standard Time) [NORAAI] error: Error in createMember: valid is not defined
Tue May 20 2025 19:32:02 GMT+0530 (India Standard Time) [NORAAI] info: ✅ MongoDB connected successfully
Tue May 20 2025 19:32:03 GMT+0530 (India Standard Time) [NORAAI] info: noraai Server Started on port 1078
Tue May 20 2025 19:32:24 GMT+0530 (India Standard Time) [NORAAI] info: ✅ MongoDB connected successfully
Tue May 20 2025 19:32:24 GMT+0530 (India Standard Time) [NORAAI] info: noraai Server Started on port 1078
Tue May 20 2025 19:32:35 GMT+0530 (India Standard Time) [NORAAI] info: LogTrack: {"servicename":"noraai","logtype":"request","logdate":"2025-05-20T14:02:35.800Z","logdetails":{"headers":"{\"user-agent\":\"PostmanRuntime/7.43.4\",\"accept\":\"*/*\",\"postman-token\":\"365042dc-aa4b-4aa6-8ce1-7a15288c3521\",\"host\":\"localhost:1078\",\"accept-encoding\":\"gzip, deflate, br\",\"connection\":\"keep-alive\",\"content-type\":\"multipart/form-data; boundary=--------------------------740395151753812759243568\",\"content-length\":\"151560\"}","body":"{\"userId\":\"682c7bb8c7e2c151cedcad36\",\"type\":\"resume\"}","param":"{}","query":"{}"}}
Tue May 20 2025 19:32:40 GMT+0530 (India Standard Time) [NORAAI] error: Error in createMember: valid is not defined
Tue May 20 2025 19:33:16 GMT+0530 (India Standard Time) [NORAAI] info: ✅ MongoDB connected successfully
Tue May 20 2025 19:33:16 GMT+0530 (India Standard Time) [NORAAI] info: noraai Server Started on port 1078
Tue May 20 2025 19:35:29 GMT+0530 (India Standard Time) [NORAAI] info: ✅ MongoDB connected successfully
Tue May 20 2025 19:35:30 GMT+0530 (India Standard Time) [NORAAI] info: noraai Server Started on port 1078
Tue May 20 2025 19:35:44 GMT+0530 (India Standard Time) [NORAAI] info: LogTrack: {"servicename":"noraai","logtype":"request","logdate":"2025-05-20T14:05:44.715Z","logdetails":{"headers":"{\"user-agent\":\"PostmanRuntime/7.43.4\",\"accept\":\"*/*\",\"postman-token\":\"e3fd9b8e-e64b-4baa-94cb-f57a1ffa79e0\",\"host\":\"localhost:1078\",\"accept-encoding\":\"gzip, deflate, br\",\"connection\":\"keep-alive\",\"content-type\":\"multipart/form-data; boundary=--------------------------188535603015790549706616\",\"content-length\":\"151560\"}","body":"{\"userId\":\"682c7bb8c7e2c151cedcad36\",\"type\":\"resume\"}","param":"{}","query":"{}"}}
Tue May 20 2025 19:35:47 GMT+0530 (India Standard Time) [NORAAI] error: Error in createMember: valid is not defined
Tue May 20 2025 19:36:52 GMT+0530 (India Standard Time) [NORAAI] info: ✅ MongoDB connected successfully
Tue May 20 2025 19:36:52 GMT+0530 (India Standard Time) [NORAAI] info: noraai Server Started on port 1078
Tue May 20 2025 19:36:58 GMT+0530 (India Standard Time) [NORAAI] info: ✅ MongoDB connected successfully
Tue May 20 2025 19:36:58 GMT+0530 (India Standard Time) [NORAAI] info: noraai Server Started on port 1078
Tue May 20 2025 19:37:02 GMT+0530 (India Standard Time) [NORAAI] info: ✅ MongoDB connected successfully
Tue May 20 2025 19:37:02 GMT+0530 (India Standard Time) [NORAAI] info: noraai Server Started on port 1078
Tue May 20 2025 19:59:22 GMT+0530 (India Standard Time) [NORAAI] info: ✅ MongoDB connected successfully
Tue May 20 2025 19:59:25 GMT+0530 (India Standard Time) [NORAAI] info: noraai Server Started on port 1078
Tue May 20 2025 19:59:36 GMT+0530 (India Standard Time) [NORAAI] info: LogTrack: {"servicename":"noraai","logtype":"request","logdate":"2025-05-20T14:29:36.668Z","logdetails":{"headers":"{\"user-agent\":\"PostmanRuntime/7.43.4\",\"accept\":\"*/*\",\"postman-token\":\"a690dd45-b64b-45f7-8344-f278a81e02ec\",\"host\":\"localhost:1078\",\"accept-encoding\":\"gzip, deflate, br\",\"connection\":\"keep-alive\",\"content-type\":\"multipart/form-data; boundary=--------------------------633798216193845602403662\",\"content-length\":\"151560\"}","body":"{\"userId\":\"682c7bb8c7e2c151cedcad36\",\"type\":\"resume\"}","param":"{}","query":"{}"}}
Tue May 20 2025 19:59:51 GMT+0530 (India Standard Time) [NORAAI] error: Error in createMember: Operation `uploads.updateOne()` buffering timed out after 10000ms
Tue May 20 2025 20:01:18 GMT+0530 (India Standard Time) [NORAAI] info: ✅ MongoDB connected successfully
Tue May 20 2025 20:01:19 GMT+0530 (India Standard Time) [NORAAI] info: noraai Server Started on port 1078
Tue May 20 2025 20:01:22 GMT+0530 (India Standard Time) [NORAAI] info: LogTrack: {"servicename":"noraai","logtype":"request","logdate":"2025-05-20T14:31:22.884Z","logdetails":{"headers":"{\"user-agent\":\"PostmanRuntime/7.43.4\",\"accept\":\"*/*\",\"postman-token\":\"50a949ad-f7fc-4c50-9a7a-0ab1ff605253\",\"host\":\"localhost:1078\",\"accept-encoding\":\"gzip, deflate, br\",\"connection\":\"keep-alive\",\"content-type\":\"multipart/form-data; boundary=--------------------------636597421548749538868112\",\"content-length\":\"151560\"}","body":"{\"userId\":\"682c7bb8c7e2c151cedcad36\",\"type\":\"resume\"}","param":"{}","query":"{}"}}
Tue May 20 2025 20:01:54 GMT+0530 (India Standard Time) [NORAAI] error: Error in createMember: Operation `uploads.updateOne()` buffering timed out after 10000ms
Tue May 20 2025 20:02:17 GMT+0530 (India Standard Time) [NORAAI] info: LogTrack: {"servicename":"noraai","logtype":"request","logdate":"2025-05-20T14:32:17.787Z","logdetails":{"headers":"{\"user-agent\":\"PostmanRuntime/7.43.4\",\"accept\":\"*/*\",\"postman-token\":\"ee6d16a2-353c-4d29-ad06-447170e03cc3\",\"host\":\"localhost:1078\",\"accept-encoding\":\"gzip, deflate, br\",\"connection\":\"keep-alive\",\"content-type\":\"multipart/form-data; boundary=--------------------------611577390197083458920365\",\"content-length\":\"151560\"}","body":"{\"userId\":\"682c7bb8c7e2c151cedcad36\",\"type\":\"resume\"}","param":"{}","query":"{}"}}
Tue May 20 2025 20:12:53 GMT+0530 (India Standard Time) [NORAAI] info: ✅ MongoDB connected successfully
Tue May 20 2025 20:12:53 GMT+0530 (India Standard Time) [NORAAI] info: noraai Server Started on port 1078
Tue May 20 2025 20:12:59 GMT+0530 (India Standard Time) [NORAAI] info: LogTrack: {"servicename":"noraai","logtype":"request","logdate":"2025-05-20T14:42:59.645Z","logdetails":{"headers":"{\"user-agent\":\"PostmanRuntime/7.43.4\",\"accept\":\"*/*\",\"postman-token\":\"b5b037bc-7a80-4480-8ff2-74196c79638c\",\"host\":\"localhost:1078\",\"accept-encoding\":\"gzip, deflate, br\",\"connection\":\"keep-alive\",\"content-type\":\"multipart/form-data; boundary=--------------------------973872515627415792444247\",\"content-length\":\"151560\"}","body":"{\"userId\":\"682c7bb8c7e2c151cedcad36\",\"type\":\"resume\"}","param":"{}","query":"{}"}}
Tue May 20 2025 20:13:04 GMT+0530 (India Standard Time) [NORAAI] error: Error in createMember: Cannot read properties of undefined (reading 'updateOne')
Tue May 20 2025 20:13:18 GMT+0530 (India Standard Time) [NORAAI] info: ✅ MongoDB connected successfully
Tue May 20 2025 20:13:18 GMT+0530 (India Standard Time) [NORAAI] info: noraai Server Started on port 1078
Tue May 20 2025 20:22:29 GMT+0530 (India Standard Time) [NORAAI] info: ✅ MongoDB connected successfully
Tue May 20 2025 20:22:29 GMT+0530 (India Standard Time) [NORAAI] info: noraai Server Started on port 1078
Tue May 20 2025 20:24:18 GMT+0530 (India Standard Time) [NORAAI] info: LogTrack: {"servicename":"noraai","logtype":"request","logdate":"2025-05-20T14:54:18.451Z","logdetails":{"headers":"{\"user-agent\":\"PostmanRuntime/7.43.4\",\"accept\":\"*/*\",\"postman-token\":\"771f10cb-f324-42b0-bb32-66c83ecbf9e0\",\"host\":\"localhost:1078\",\"accept-encoding\":\"gzip, deflate, br\",\"connection\":\"keep-alive\",\"content-type\":\"multipart/form-data; boundary=--------------------------467783752210560866660672\",\"content-length\":\"151560\"}","body":"{\"userId\":\"682c7bb8c7e2c151cedcad36\",\"type\":\"resume\"}","param":"{}","query":"{}"}}
Tue May 20 2025 20:26:03 GMT+0530 (India Standard Time) [NORAAI] info: ✅ MongoDB connected successfully
Tue May 20 2025 20:26:03 GMT+0530 (India Standard Time) [NORAAI] info: noraai Server Started on port 1078
Tue May 20 2025 20:28:26 GMT+0530 (India Standard Time) [NORAAI] info: ✅ MongoDB connected successfully
Tue May 20 2025 20:28:26 GMT+0530 (India Standard Time) [NORAAI] info: noraai Server Started on port 1078
Tue May 20 2025 20:28:58 GMT+0530 (India Standard Time) [NORAAI] info: LogTrack: {"servicename":"noraai","logtype":"request","logdate":"2025-05-20T14:58:58.477Z","logdetails":{"headers":"{\"user-agent\":\"PostmanRuntime/7.43.4\",\"accept\":\"*/*\",\"postman-token\":\"d1605c60-e253-429c-b87d-8f7c1ae886a6\",\"host\":\"localhost:1078\",\"accept-encoding\":\"gzip, deflate, br\",\"connection\":\"keep-alive\",\"content-type\":\"multipart/form-data; boundary=--------------------------823090748539098985120484\",\"content-length\":\"151560\"}","body":"{\"userId\":\"682c7bb8c7e2c151cedcad36\",\"type\":\"resume\"}","param":"{}","query":"{}"}}
Tue May 20 2025 20:29:13 GMT+0530 (India Standard Time) [NORAAI] error: Error in createMember: Operation `uploads.updateOne()` buffering timed out after 10000ms
Tue May 20 2025 20:32:48 GMT+0530 (India Standard Time) [NORAAI] info: ✅ MongoDB connected successfully
Tue May 20 2025 20:32:48 GMT+0530 (India Standard Time) [NORAAI] info: noraai Server Started on port 1078
Thu May 22 2025 14:16:16 GMT+0530 (India Standard Time) [NORAAI] info: ✅ MongoDB connected successfully
Thu May 22 2025 14:16:16 GMT+0530 (India Standard Time) [NORAAI] info: noraai Server Started on port 1078
Thu May 22 2025 14:16:47 GMT+0530 (India Standard Time) [NORAAI] info: ✅ MongoDB connected successfully
Thu May 22 2025 14:16:47 GMT+0530 (India Standard Time) [NORAAI] info: noraai Server Started on port 1078
Thu May 22 2025 14:16:52 GMT+0530 (India Standard Time) [NORAAI] info: LogTrack: {"servicename":"noraai","logtype":"request","logdate":"2025-05-22T08:46:52.993Z","logdetails":{"headers":"{\"user-agent\":\"PostmanRuntime/7.44.0\",\"accept\":\"*/*\",\"postman-token\":\"7d7dada7-0c00-4132-8dfe-a10674e72360\",\"host\":\"localhost:1078\",\"accept-encoding\":\"gzip, deflate, br\",\"connection\":\"keep-alive\",\"content-type\":\"multipart/form-data; boundary=--------------------------019068038365779207439823\",\"content-length\":\"151560\"}","body":"{\"userId\":\"682c7bb8c7e2c151cedcad36\",\"type\":\"resume\"}","param":"{}","query":"{}"}}
Thu May 22 2025 14:18:24 GMT+0530 (India Standard Time) [NORAAI] error: Error in createMember: valid is not defined
